<?xml version="1.0" encoding="UTF-8"?>
<!-- Generated by org.testng.reporters.JUnitXMLReporter -->
<testsuite ignored="0" hostname="DESKTOP-VT01K59" failures="1" tests="1" name="TC_LogIn_001" time="16.829" errors="0" timestamp="2022-11-27T14:24:24 IST">
  <testcase classname="com.InetBankig.TestCases.TC_LogIn_003" name="TC_003" time="7.012">
    <failure type="org.openqa.selenium.ElementClickInterceptedException" message="element click intercepted: Element &amp;lt;a href=&amp;quot;addcustomerpage.php&amp;quot;&amp;gt;...&amp;lt;/a&amp;gt; is not clickable at point (120, 399). Other element would receive the click: &amp;lt;iframe id=&amp;quot;google_ads_iframe_/24132379/INTERSTITIAL_DemoGuru99_0&amp;quot; name=&amp;quot;google_ads_iframe_/24132379/INTERSTITIAL_DemoGuru99_0&amp;quot; title=&amp;quot;3rd party ad content&amp;quot; width=&amp;quot;&amp;quot; height=&amp;quot;&amp;quot; scrolling=&amp;quot;no&amp;quot; marginwidth=&amp;quot;0&amp;quot; marginheight=&amp;quot;0&amp;quot; frameborder=&amp;quot;0&amp;quot; role=&amp;quot;region&amp;quot; aria-label=&amp;quot;Advertisement&amp;quot; tabindex=&amp;quot;0&amp;quot; allow=&amp;quot;autoplay&amp;quot; data-load-complete=&amp;quot;true&amp;quot; data-google-container-id=&amp;quot;1&amp;quot; style=&amp;quot;border: 0px !important; vertical-align: bottom !important; width: 100vw !important; height: 100vh !important; inset: 0px auto auto 0px !important; position: absolute !important; clear: none !important; display: inline !important; float: none !important; margin: 0px !important; max-height: none !important; max-width: none !important; opacity: 1 !important; overflow: visible !important; padding: 0px !important; visibility: visible !important; z-index: auto !important;&amp;quot;&amp;gt;&amp;lt;/iframe&amp;gt;
  (Session info: chrome=107.0.5304.121)
Build info: version: &amp;apos;4.6.0&amp;apos;, revision: &amp;apos;79f1c02ae20&amp;apos;
System info: os.name: &amp;apos;Windows 10&amp;apos;, os.arch: &amp;apos;amd64&amp;apos;, os.version: &amp;apos;10.0&amp;apos;, java.version: &amp;apos;18.0.2.1&amp;apos;
Driver info: org.openqa.selenium.chrome.ChromeDriver
Command: [961404c831c2c9718d83fc66c69dff03, clickElement {id=69c060c7-bd13-4eb2-aa63-ad50d8804352}]
Capabilities {acceptInsecureCerts: false, browserName: chrome, browserVersion: 107.0.5304.121, chrome: {chromedriverVersion: 107.0.5304.62 (1eec40d3a576..., userDataDir: C:\Users\sai\AppData\Local\...}, goog:chromeOptions: {debuggerAddress: localhost:58262}, networkConnectionEnabled: false, pageLoadStrategy: normal, platformName: WINDOWS, proxy: Proxy(), se:cdp: ws://localhost:58262/devtoo..., se:cdpVersion: 107.0.5304.121, setWindowRect: true, strictFileInteractability: false, timeouts: {implicit: 0, pageLoad: 300000, script: 30000}, unhandledPromptBehavior: dismiss and notify, webauthn:extension:credBlob: true, webauthn:extension:largeBlob: true, webauthn:virtualAuthenticators: true}
Element: [[ChromeDriver: chrome on WINDOWS (961404c831c2c9718d83fc66c69dff03)] -&amp;gt; xpath: //a[normalize-space()=&amp;apos;New Customer&amp;apos;]]
Session ID: 961404c831c2c9718d83fc66c69dff03">
      <![CDATA[org.openqa.selenium.ElementClickInterceptedException: element click intercepted: Element <a href="addcustomerpage.php">...</a> is not clickable at point (120, 399). Other element would receive the click: <iframe id="google_ads_iframe_/24132379/INTERSTITIAL_DemoGuru99_0" name="google_ads_iframe_/24132379/INTERSTITIAL_DemoGuru99_0" title="3rd party ad content" width="" height="" scrolling="no" marginwidth="0" marginheight="0" frameborder="0" role="region" aria-label="Advertisement" tabindex="0" allow="autoplay" data-load-complete="true" data-google-container-id="1" style="border: 0px !important; vertical-align: bottom !important; width: 100vw !important; height: 100vh !important; inset: 0px auto auto 0px !important; position: absolute !important; clear: none !important; display: inline !important; float: none !important; margin: 0px !important; max-height: none !important; max-width: none !important; opacity: 1 !important; overflow: visible !important; padding: 0px !important; visibility: visible !important; z-index: auto !important;"></iframe>
  (Session info: chrome=107.0.5304.121)
Build info: version: '4.6.0', revision: '79f1c02ae20'
System info: os.name: 'Windows 10', os.arch: 'amd64', os.version: '10.0', java.version: '18.0.2.1'
Driver info: org.openqa.selenium.chrome.ChromeDriver
Command: [961404c831c2c9718d83fc66c69dff03, clickElement {id=69c060c7-bd13-4eb2-aa63-ad50d8804352}]
Capabilities {acceptInsecureCerts: false, browserName: chrome, browserVersion: 107.0.5304.121, chrome: {chromedriverVersion: 107.0.5304.62 (1eec40d3a576..., userDataDir: C:\Users\sai\AppData\Local\...}, goog:chromeOptions: {debuggerAddress: localhost:58262}, networkConnectionEnabled: false, pageLoadStrategy: normal, platformName: WINDOWS, proxy: Proxy(), se:cdp: ws://localhost:58262/devtoo..., se:cdpVersion: 107.0.5304.121, setWindowRect: true, strictFileInteractability: false, timeouts: {implicit: 0, pageLoad: 300000, script: 30000}, unhandledPromptBehavior: dismiss and notify, webauthn:extension:credBlob: true, webauthn:extension:largeBlob: true, webauthn:virtualAuthenticators: true}
Element: [[ChromeDriver: chrome on WINDOWS (961404c831c2c9718d83fc66c69dff03)] -> xpath: //a[normalize-space()='New Customer']]
Session ID: 961404c831c2c9718d83fc66c69dff03
at org.openqa.selenium.remote.codec.w3c.W3CHttpResponseCodec.createException(W3CHttpResponseCodec.java:200)
at org.openqa.selenium.remote.codec.w3c.W3CHttpResponseCodec.decode(W3CHttpResponseCodec.java:133)
at org.openqa.selenium.remote.codec.w3c.W3CHttpResponseCodec.decode(W3CHttpResponseCodec.java:53)
at org.openqa.selenium.remote.HttpCommandExecutor.execute(HttpCommandExecutor.java:184)
at org.openqa.selenium.remote.service.DriverCommandExecutor.invokeExecute(DriverCommandExecutor.java:167)
at org.openqa.selenium.remote.service.DriverCommandExecutor.execute(DriverCommandExecutor.java:142)
at org.openqa.selenium.remote.RemoteWebDriver.execute(RemoteWebDriver.java:541)
at org.openqa.selenium.remote.RemoteWebElement.execute(RemoteWebElement.java:257)
at org.openqa.selenium.remote.RemoteWebElement.click(RemoteWebElement.java:78)
at org.openqa.selenium.support.pagefactory.internal.LocatingElementHandler.invoke(LocatingElementHandler.java:52)
at jdk.proxy2/jdk.proxy2.$Proxy21.click(Unknown Source)
at com.InetBankig.POM.HomePage.newCustomer(HomePage.java:75)
at com.InetBankig.TestCases.TC_LogIn_003.TC_003(TC_LogIn_003.java:51)
at java.base/java.util.ArrayList.forEach(ArrayList.java:1511)
... Removed 30 stack frames]]>
    </failure>
  </testcase> <!-- TC_003 -->
</testsuite> <!-- TC_LogIn_001 -->
