<?xml version="1.0" encoding="UTF-8"?>
<testng-results ignored="0" total="7" passed="6" failed="1" skipped="0">
  <reporter-output>
  </reporter-output>
  <suite started-at="2022-11-26T21:56:16 IST" name="Suite" finished-at="2022-11-26T21:57:25 IST" duration-ms="68637">
    <groups>
      <group name="regression">
        <method signature="TC_LogIn_003.TC_003()[pri:0, instance:com.InetBankig.TestCases.TC_LogIn_003@4386f16]" name="TC_003" class="com.InetBankig.TestCases.TC_LogIn_003"/>
      </group> <!-- regression -->
      <group name="smoke">
        <method signature="TC_LogIn_001.TC_001()[pri:0, instance:com.InetBankig.TestCases.TC_LogIn_001@7adda9cc]" name="TC_001" class="com.InetBankig.TestCases.TC_LogIn_001"/>
      </group> <!-- smoke -->
      <group name="sanity">
        <method signature="TC_LogIn_002.TC_002([Ljava.lang.Object;)[pri:0, instance:com.InetBankig.TestCases.TC_LogIn_002@2ea227af]" name="TC_002" class="com.InetBankig.TestCases.TC_LogIn_002"/>
      </group> <!-- sanity -->
    </groups>
    <test started-at="2022-11-26T21:56:16 IST" name="TC_LogIn_001" finished-at="2022-11-26T21:57:25 IST" duration-ms="68637">
      <class name="com.InetBankig.TestCases.TC_LogIn_003">
        <test-method is-config="true" signature="launchBrowser(java.lang.String)[pri:0, instance:com.InetBankig.TestCases.TC_LogIn_003@4386f16]" started-at="2022-11-26T21:56:58 IST" name="launchBrowser" finished-at="2022-11-26T21:57:04 IST" duration-ms="6059" status="PASS">
          <params>
            <param index="0">
              <value>
                <![CDATA[chrome]]>
              </value>
            </param>
          </params>
          <reporter-output>
          </reporter-output>
        </test-method> <!-- launchBrowser -->
        <test-method signature="TC_003()[pri:0, instance:com.InetBankig.TestCases.TC_LogIn_003@4386f16]" started-at="2022-11-26T21:57:04 IST" name="TC_003" finished-at="2022-11-26T21:57:08 IST" duration-ms="4338" status="FAIL">
          <exception class="org.openqa.selenium.NoSuchElementException">
            <message>
              <![CDATA[no such element: Unable to locate element: {"method":"xpath","selector":"//input[@name='name']"}
  (Session info: chrome=107.0.5304.121)
For documentation on this error, please visit: https://selenium.dev/exceptions/#no_such_element
Build info: version: '4.6.0', revision: '79f1c02ae20'
System info: os.name: 'Windows 10', os.arch: 'amd64', os.version: '10.0', java.version: '17.0.5'
Driver info: org.openqa.selenium.chrome.ChromeDriver
Command: [5ab8928222aa32d5f6cb14edfb4eaedd, findElement {using=xpath, value=//input[@name='name']}]
Capabilities {acceptInsecureCerts: false, browserName: chrome, browserVersion: 107.0.5304.121, chrome: {chromedriverVersion: 107.0.5304.62 (1eec40d3a576..., userDataDir: C:\Windows\TEMP\scoped_dir1...}, goog:chromeOptions: {debuggerAddress: localhost:60405}, networkConnectionEnabled: false, pageLoadStrategy: normal, platformName: WINDOWS, proxy: Proxy(), se:cdp: ws://localhost:60405/devtoo..., se:cdpVersion: 107.0.5304.121, setWindowRect: true, strictFileInteractability: false, timeouts: {implicit: 0, pageLoad: 300000, script: 30000}, unhandledPromptBehavior: dismiss and notify, webauthn:extension:credBlob: true, webauthn:extension:largeBlob: true, webauthn:virtualAuthenticators: true}
Session ID: 5ab8928222aa32d5f6cb14edfb4eaedd]]>
            </message>
            <full-stacktrace>
              <![CDATA[org.openqa.selenium.NoSuchElementException: no such element: Unable to locate element: {"method":"xpath","selector":"//input[@name='name']"}
  (Session info: chrome=107.0.5304.121)
For documentation on this error, please visit: https://selenium.dev/exceptions/#no_such_element
Build info: version: '4.6.0', revision: '79f1c02ae20'
System info: os.name: 'Windows 10', os.arch: 'amd64', os.version: '10.0', java.version: '17.0.5'
Driver info: org.openqa.selenium.chrome.ChromeDriver
Command: [5ab8928222aa32d5f6cb14edfb4eaedd, findElement {using=xpath, value=//input[@name='name']}]
Capabilities {acceptInsecureCerts: false, browserName: chrome, browserVersion: 107.0.5304.121, chrome: {chromedriverVersion: 107.0.5304.62 (1eec40d3a576..., userDataDir: C:\Windows\TEMP\scoped_dir1...}, goog:chromeOptions: {debuggerAddress: localhost:60405}, networkConnectionEnabled: false, pageLoadStrategy: normal, platformName: WINDOWS, proxy: Proxy(), se:cdp: ws://localhost:60405/devtoo..., se:cdpVersion: 107.0.5304.121, setWindowRect: true, strictFileInteractability: false, timeouts: {implicit: 0, pageLoad: 300000, script: 30000}, unhandledPromptBehavior: dismiss and notify, webauthn:extension:credBlob: true, webauthn:extension:largeBlob: true, webauthn:virtualAuthenticators: true}
Session ID: 5ab8928222aa32d5f6cb14edfb4eaedd
at java.base/jdk.internal.reflect.NativeConstructorAccessorImpl.newInstance0(Native Method)
at java.base/jdk.internal.reflect.NativeConstructorAccessorImpl.newInstance(NativeConstructorAccessorImpl.java:77)
at java.base/jdk.internal.reflect.DelegatingConstructorAccessorImpl.newInstance(DelegatingConstructorAccessorImpl.java:45)
at java.base/java.lang.reflect.Constructor.newInstanceWithCaller(Constructor.java:499)
at java.base/java.lang.reflect.Constructor.newInstance(Constructor.java:480)
at org.openqa.selenium.remote.codec.w3c.W3CHttpResponseCodec.createException(W3CHttpResponseCodec.java:200)
at org.openqa.selenium.remote.codec.w3c.W3CHttpResponseCodec.decode(W3CHttpResponseCodec.java:133)
at org.openqa.selenium.remote.codec.w3c.W3CHttpResponseCodec.decode(W3CHttpResponseCodec.java:53)
at org.openqa.selenium.remote.HttpCommandExecutor.execute(HttpCommandExecutor.java:184)
at org.openqa.selenium.remote.service.DriverCommandExecutor.invokeExecute(DriverCommandExecutor.java:167)
at org.openqa.selenium.remote.service.DriverCommandExecutor.execute(DriverCommandExecutor.java:142)
at org.openqa.selenium.remote.RemoteWebDriver.execute(RemoteWebDriver.java:541)
at org.openqa.selenium.remote.ElementLocation$ElementFinder$2.findElement(ElementLocation.java:162)
at org.openqa.selenium.remote.ElementLocation.findElement(ElementLocation.java:60)
at org.openqa.selenium.remote.RemoteWebDriver.findElement(RemoteWebDriver.java:365)
at org.openqa.selenium.remote.RemoteWebDriver.findElement(RemoteWebDriver.java:357)
at org.openqa.selenium.support.pagefactory.DefaultElementLocator.findElement(DefaultElementLocator.java:70)
at org.openqa.selenium.support.pagefactory.internal.LocatingElementHandler.invoke(LocatingElementHandler.java:39)
at jdk.proxy2/jdk.proxy2.$Proxy18.sendKeys(Unknown Source)
at com.InetBankig.POM.HomePage.enterCustomerName(HomePage.java:80)
at com.InetBankig.TestCases.TC_LogIn_003.TC_003(TC_LogIn_003.java:52)
at java.base/jdk.internal.reflect.NativeMethodAccessorImpl.invoke0(Native Method)
at java.base/jdk.internal.reflect.NativeMethodAccessorImpl.invoke(NativeMethodAccessorImpl.java:77)
at java.base/jdk.internal.reflect.DelegatingMethodAccessorImpl.invoke(DelegatingMethodAccessorImpl.java:43)
at java.base/java.lang.reflect.Method.invoke(Method.java:568)
at org.testng.internal.invokers.MethodInvocationHelper.invokeMethod(MethodInvocationHelper.java:139)
at org.testng.internal.invokers.TestInvoker.invokeMethod(TestInvoker.java:677)
at org.testng.internal.invokers.TestInvoker.invokeTestMethod(TestInvoker.java:221)
at org.testng.internal.invokers.MethodRunner.runInSequence(MethodRunner.java:50)
at org.testng.internal.invokers.TestInvoker$MethodInvocationAgent.invoke(TestInvoker.java:962)
at org.testng.internal.invokers.TestInvoker.invokeTestMethods(TestInvoker.java:194)
at org.testng.internal.invokers.TestMethodWorker.invokeTestMethods(TestMethodWorker.java:148)
at org.testng.internal.invokers.TestMethodWorker.run(TestMethodWorker.java:128)
at java.base/java.util.ArrayList.forEach(ArrayList.java:1511)
at org.testng.TestRunner.privateRun(TestRunner.java:806)
at org.testng.TestRunner.run(TestRunner.java:601)
at org.testng.SuiteRunner.runTest(SuiteRunner.java:433)
at org.testng.SuiteRunner.runSequentially(SuiteRunner.java:427)
at org.testng.SuiteRunner.privateRun(SuiteRunner.java:387)
at org.testng.SuiteRunner.run(SuiteRunner.java:330)
at org.testng.SuiteRunnerWorker.runSuite(SuiteRunnerWorker.java:52)
at org.testng.SuiteRunnerWorker.run(SuiteRunnerWorker.java:95)
at org.testng.TestNG.runSuitesSequentially(TestNG.java:1256)
at org.testng.TestNG.runSuitesLocally(TestNG.java:1176)
at org.testng.TestNG.runSuites(TestNG.java:1099)
at org.testng.TestNG.run(TestNG.java:1067)
at org.apache.maven.surefire.testng.TestNGExecutor.run(TestNGExecutor.java:281)
at org.apache.maven.surefire.testng.TestNGXmlTestSuite.execute(TestNGXmlTestSuite.java:75)
at org.apache.maven.surefire.testng.TestNGProvider.invoke(TestNGProvider.java:121)
at org.apache.maven.surefire.booter.ForkedBooter.invokeProviderInSameClassLoader(ForkedBooter.java:290)
at org.apache.maven.surefire.booter.ForkedBooter.runSuitesInProcess(ForkedBooter.java:242)
at org.apache.maven.surefire.booter.ForkedBooter.main(ForkedBooter.java:121)
]]>
            </full-stacktrace>
          </exception> <!-- org.openqa.selenium.NoSuchElementException -->
          <reporter-output>
          </reporter-output>
        </test-method> <!-- TC_003 -->
        <test-method is-config="true" signature="tearDown()[pri:0, instance:com.InetBankig.TestCases.TC_LogIn_003@4386f16]" started-at="2022-11-26T21:57:09 IST" name="tearDown" finished-at="2022-11-26T21:57:25 IST" duration-ms="16323" status="PASS">
          <reporter-output>
          </reporter-output>
        </test-method> <!-- tearDown -->
      </class> <!-- com.InetBankig.TestCases.TC_LogIn_003 -->
      <class name="com.InetBankig.TestCases.TC_LogIn_002">
        <test-method is-config="true" signature="launchBrowser(java.lang.String)[pri:0, instance:com.InetBankig.TestCases.TC_LogIn_002@2ea227af]" started-at="2022-11-26T21:56:39 IST" name="launchBrowser" finished-at="2022-11-26T21:56:45 IST" duration-ms="5901" status="PASS">
          <params>
            <param index="0">
              <value>
                <![CDATA[chrome]]>
              </value>
            </param>
          </params>
          <reporter-output>
          </reporter-output>
        </test-method> <!-- launchBrowser -->
        <test-method signature="TC_002([Ljava.lang.Object;)[pri:0, instance:com.InetBankig.TestCases.TC_LogIn_002@2ea227af]" started-at="2022-11-26T21:56:47 IST" name="TC_002" data-provider="TC_LogIn_002" finished-at="2022-11-26T21:56:48 IST" duration-ms="1211" status="PASS">
          <params>
            <param index="0">
              <value>
                <![CDATA[[Ljava.lang.Object;@4a9869a8]]>
              </value>
            </param>
          </params>
          <reporter-output>
          </reporter-output>
        </test-method> <!-- TC_002 -->
        <test-method signature="TC_002([Ljava.lang.Object;)[pri:0, instance:com.InetBankig.TestCases.TC_LogIn_002@2ea227af]" started-at="2022-11-26T21:56:48 IST" name="TC_002" data-provider="TC_LogIn_002" finished-at="2022-11-26T21:56:50 IST" duration-ms="2553" status="PASS">
          <params>
            <param index="0">
              <value>
                <![CDATA[[Ljava.lang.Object;@75e0a54c]]>
              </value>
            </param>
          </params>
          <reporter-output>
          </reporter-output>
        </test-method> <!-- TC_002 -->
        <test-method signature="TC_002([Ljava.lang.Object;)[pri:0, instance:com.InetBankig.TestCases.TC_LogIn_002@2ea227af]" started-at="2022-11-26T21:56:50 IST" name="TC_002" data-provider="TC_LogIn_002" finished-at="2022-11-26T21:56:52 IST" duration-ms="2052" status="PASS">
          <params>
            <param index="0">
              <value>
                <![CDATA[[Ljava.lang.Object;@1124910c]]>
              </value>
            </param>
          </params>
          <reporter-output>
          </reporter-output>
        </test-method> <!-- TC_002 -->
        <test-method signature="TC_002([Ljava.lang.Object;)[pri:0, instance:com.InetBankig.TestCases.TC_LogIn_002@2ea227af]" started-at="2022-11-26T21:56:52 IST" name="TC_002" data-provider="TC_LogIn_002" finished-at="2022-11-26T21:56:55 IST" duration-ms="2706" status="PASS">
          <params>
            <param index="0">
              <value>
                <![CDATA[[Ljava.lang.Object;@e162a35]]>
              </value>
            </param>
          </params>
          <reporter-output>
          </reporter-output>
        </test-method> <!-- TC_002 -->
        <test-method signature="TC_002([Ljava.lang.Object;)[pri:0, instance:com.InetBankig.TestCases.TC_LogIn_002@2ea227af]" started-at="2022-11-26T21:56:55 IST" name="TC_002" data-provider="TC_LogIn_002" finished-at="2022-11-26T21:56:58 IST" duration-ms="2438" status="PASS">
          <params>
            <param index="0">
              <value>
                <![CDATA[[Ljava.lang.Object;@f849027]]>
              </value>
            </param>
          </params>
          <reporter-output>
          </reporter-output>
        </test-method> <!-- TC_002 -->
        <test-method is-config="true" signature="tearDown()[pri:0, instance:com.InetBankig.TestCases.TC_LogIn_002@2ea227af]" started-at="2022-11-26T21:56:58 IST" name="tearDown" finished-at="2022-11-26T21:56:58 IST" duration-ms="134" status="PASS">
          <reporter-output>
          </reporter-output>
        </test-method> <!-- tearDown -->
      </class> <!-- com.InetBankig.TestCases.TC_LogIn_002 -->
      <class name="com.InetBankig.TestCases.TC_LogIn_001">
        <test-method is-config="true" signature="launchBrowser(java.lang.String)[pri:0, instance:com.InetBankig.TestCases.TC_LogIn_001@7adda9cc]" started-at="2022-11-26T21:56:17 IST" name="launchBrowser" finished-at="2022-11-26T21:56:35 IST" duration-ms="18133" status="PASS">
          <params>
            <param index="0">
              <value>
                <![CDATA[chrome]]>
              </value>
            </param>
          </params>
          <reporter-output>
          </reporter-output>
        </test-method> <!-- launchBrowser -->
        <test-method signature="TC_001()[pri:0, instance:com.InetBankig.TestCases.TC_LogIn_001@7adda9cc]" started-at="2022-11-26T21:56:35 IST" name="TC_001" finished-at="2022-11-26T21:56:39 IST" duration-ms="4074" status="PASS">
          <reporter-output>
          </reporter-output>
        </test-method> <!-- TC_001 -->
        <test-method is-config="true" signature="tearDown()[pri:0, instance:com.InetBankig.TestCases.TC_LogIn_001@7adda9cc]" started-at="2022-11-26T21:56:39 IST" name="tearDown" finished-at="2022-11-26T21:56:39 IST" duration-ms="179" status="PASS">
          <reporter-output>
          </reporter-output>
        </test-method> <!-- tearDown -->
      </class> <!-- com.InetBankig.TestCases.TC_LogIn_001 -->
    </test> <!-- TC_LogIn_001 -->
  </suite> <!-- Suite -->
</testng-results>
