<?xml version="1.0" encoding="UTF-8"?>
<testng-results ignored="0" total="1" passed="1" failed="0" skipped="0">
  <reporter-output>
  </reporter-output>
  <suite started-at="2022-12-01T18:37:46 IST" name="Suite" finished-at="2022-12-01T18:38:15 IST" duration-ms="28185">
    <groups>
      <group name="regression">
        <method signature="TC_LogIn_003.TC_003()[pri:0, instance:com.InetBankig.TestCases.TC_LogIn_003@59474f18]" name="TC_003" class="com.InetBankig.TestCases.TC_LogIn_003"/>
      </group> <!-- regression -->
    </groups>
    <test started-at="2022-12-01T18:37:46 IST" name="TC_LogIn_001" finished-at="2022-12-01T18:38:15 IST" duration-ms="28185">
      <class name="com.InetBankig.TestCases.TC_LogIn_003">
        <test-method is-config="true" signature="launchBrowser(java.lang.String)[pri:0, instance:com.InetBankig.TestCases.TC_LogIn_003@59474f18]" started-at="2022-12-01T18:37:47 IST" name="launchBrowser" finished-at="2022-12-01T18:37:54 IST" duration-ms="7096" status="PASS">
          <params>
            <param index="0">
              <value>
                <![CDATA[chrome]]>
              </value>
            </param>
          </params>
          <reporter-output>
          </reporter-output>
        </test-method> <!-- launchBrowser -->
        <test-method signature="TC_003()[pri:0, instance:com.InetBankig.TestCases.TC_LogIn_003@59474f18]" started-at="2022-12-01T18:37:54 IST" name="TC_003" finished-at="2022-12-01T18:38:15 IST" duration-ms="20262" status="PASS">
          <reporter-output>
          </reporter-output>
        </test-method> <!-- TC_003 -->
      </class> <!-- com.InetBankig.TestCases.TC_LogIn_003 -->
    </test> <!-- TC_LogIn_001 -->
  </suite> <!-- Suite -->
</testng-results>
