<?xml version="1.0" encoding="UTF-8"?>
<!-- Generated by org.testng.reporters.JUnitReportReporter -->
<testsuite hostname="DESKTOP-VT01K59" failures="0" tests="5" name="com.InetBankig.TestCases.TC_LogIn_002" time="20.508" errors="0" timestamp="2022-11-25T22:56:23 IST" skipped="0">
  <testcase classname="com.InetBankig.TestCases.TC_LogIn_002" name="TC_002" time="2.412"/>
  <system-out/>
  <testcase classname="com.InetBankig.TestCases.TC_LogIn_002" name="TC_002" time="2.664"/>
  <system-out/>
  <testcase classname="com.InetBankig.TestCases.TC_LogIn_002" name="TC_002" time="3.335"/>
  <system-out/>
  <testcase classname="com.InetBankig.TestCases.TC_LogIn_002" name="TC_002" time="1.741"/>
  <system-out/>
  <testcase classname="com.InetBankig.TestCases.TC_LogIn_002" name="TC_002" time="10.356"/>
  <system-out/>
</testsuite> <!-- com.InetBankig.TestCases.TC_LogIn_002 -->
